MIF/HEX Update report for redROM
Sun May 29 21:48:03 2022
Quartus Prime Version 20.1.1 Build 720 11/11/2020 SJ Lite Edition


---------------------
; Table of Contents ;
---------------------
  1. Legal Notice
  2. MIF/HEX Update Summary
  3. MIF/HEX Update Processed Files
  4. MIF/HEX Update Messages



----------------
; Legal Notice ;
----------------
Copyright (C) 2020  Intel Corporation. All rights reserved.
Your use of Intel Corporation's design tools, logic functions 
and other software and tools, and any partner logic 
functions, and any output files from any of the foregoing 
(including device programming or simulation files), and any 
associated documentation or information are expressly subject 
to the terms and conditions of the Intel Program License 
Subscription Agreement, the Intel Quartus Prime License Agreement,
the Intel FPGA IP License Agreement, or other applicable license
agreement, including, without limitation, that your use is for
the sole purpose of programming logic devices manufactured by
Intel and sold by Intel or its authorized distributors.  Please
refer to the applicable agreement for further details, at
https://fpgasoftware.intel.com/eula.



+---------------------------------------------------------------+
; MIF/HEX Update Summary                                        ;
+-----------------------+---------------------------------------+
; MIF/HEX Update Status ; Successful - Sun May 29 21:48:03 2022 ;
; Revision Name         ; redROM                                ;
; Top-level Entity Name ; ledMatrix                             ;
; Family                ; MAX 10                                ;
; Device                ; 10M50DAF484C7G                        ;
+-----------------------+---------------------------------------+


+----------------------------------------------------------------+
; MIF/HEX Update Processed Files                                 ;
+----------------------------------------------------------------+
; File Name                                                      ;
+----------------------------------------------------------------+
; C:/Users/mcolin/Documents/Altera/ESE/ledMatrix_v3/blueROM.hex  ;
; C:/Users/mcolin/Documents/Altera/ESE/ledMatrix_v3/greenROM.hex ;
; C:/Users/mcolin/Documents/Altera/ESE/ledMatrix_v3/redROM.hex   ;
+----------------------------------------------------------------+


+-------------------------+
; MIF/HEX Update Messages ;
+-------------------------+
Info: *******************************************************************
Info: Running Quartus Prime MIF/HEX Update
    Info: Version 20.1.1 Build 720 11/11/2020 SJ Lite Edition
    Info: Processing started: Sun May 29 21:48:02 2022
Info: Command: quartus_cdb ledMatrix_v3 -c redROM --update_mif
Warning (18236): Number of processors has not been specified which may cause overloading on shared machines.  Set the global assignment NUM_PARALLEL_PROCESSORS in your QSF to an appropriate value for best performance.
Info (39024): Processed the following Memory Initialization File(s)
    Info (39025): Processed Memory Initialization File C:/Users/mcolin/Documents/Altera/ESE/ledMatrix_v3/blueROM.hex File: C:/Users/mcolin/Documents/Altera/ESE/ledMatrix_v3/blueROM.hex Line: 0
    Info (39025): Processed Memory Initialization File C:/Users/mcolin/Documents/Altera/ESE/ledMatrix_v3/greenROM.hex File: C:/Users/mcolin/Documents/Altera/ESE/ledMatrix_v3/greenROM.hex Line: 0
    Info (39025): Processed Memory Initialization File C:/Users/mcolin/Documents/Altera/ESE/ledMatrix_v3/redROM.hex File: C:/Users/mcolin/Documents/Altera/ESE/ledMatrix_v3/redROM.hex Line: 0
Info: Quartus Prime MIF/HEX Update was successful. 0 errors, 1 warning
    Info: Peak virtual memory: 4719 megabytes
    Info: Processing ended: Sun May 29 21:48:03 2022
    Info: Elapsed time: 00:00:01
    Info: Total CPU time (on all processors): 00:00:01


